# JRE version: Java(TM) SE Runtime Environment (22.0.1+8) (build 22.0.1+8-16)
# Java VM: Java HotSpot(TM) 64-Bit Server VM (22.0.1+8-16, mixed mode, sharing, tiered, compressed oops, compressed class ptrs, g1 gc, windows-amd64)
GC Precious Log:
 CardTable entry size: 512
 Card Set container configuration: InlinePtr #cards 5 size 8 Array Of Cards #cards 12 size 40 Howl #buckets 4 coarsen threshold 1843 Howl Bitmap #cards 512 size 80 coarsen threshold 460 Card regions per heap region 1 cards per card region 2048
 CPUs: 4 total, 4 available
 Memory: 8103M
 Large Page Support: Disabled
 NUMA Support: Disabled
 Compressed Oops: Enabled (32-bit)
 Heap Region Size: 1M
 Heap Min Capacity: 8M
 Heap Initial Capacity: 128M
 Heap Max Capacity: 2026M
 Pre-touch: Disabled
 Parallel Workers: 4
 Concurrent Workers: 1
 Concurrent Refinement Workers: 4
 Periodic GC: Disabled
Heap:
 garbage-first heap   total reserved 2074624K, committed 56320K, used 33361K [0x0000000081600000, 0x0000000100000000)
  region size 1024K, 5 young (5120K), 2 survivors (2048K)
 Metaspace       used 74736K, committed 75520K, reserved 1179648K
  class space    used 9689K, committed 10048K, reserved 1048576K
GC Heap History (20 events):
Event: 22328.380 GC heap before
{Heap before GC invocations=85 (full 2):
 garbage-first heap   total reserved 2074624K, committed 56320K, used 33840K [0x0000000081600000, 0x0000000100000000)
  region size 1024K, 9 young (9216K), 1 survivors (1024K)
 Metaspace       used 73412K, committed 74176K, reserved 1114112K
  class space    used 9553K, committed 9920K, reserved 1048576K
}
Event: 22328.818 GC heap after
{Heap after GC invocations=86 (full 3):
 garbage-first heap   total reserved 2074624K, committed 56320K, used 22259K [0x0000000081600000, 0x0000000100000000)
  region size 1024K, 0 young (0K), 0 survivors (0K)
 Metaspace       used 73403K, committed 74176K, reserved 1114112K
  class space    used 9551K, committed 9920K, reserved 1048576K
}
Event: 22333.349 GC heap before
{Heap before GC invocations=86 (full 3):
 garbage-first heap   total reserved 2074624K, committed 56320K, used 49907K [0x0000000081600000, 0x0000000100000000)
  region size 1024K, 28 young (28672K), 0 survivors (0K)
 Metaspace       used 73560K, committed 74240K, reserved 1114112K
  class space    used 9576K, committed 9920K, reserved 1048576K
}
Event: 22333.363 GC heap after
{Heap after GC invocations=87 (full 3):
 garbage-first heap   total reserved 2074624K, committed 56320K, used 25797K [0x0000000081600000, 0x0000000100000000)
  region size 1024K, 4 young (4096K), 4 survivors (4096K)
 Metaspace       used 73560K, committed 74240K, reserved 1114112K
  class space    used 9576K, committed 9920K, reserved 1048576K
}
Event: 22335.026 GC heap before
{Heap before GC invocations=88 (full 3):
 garbage-first heap   total reserved 2074624K, committed 56320K, used 45253K [0x0000000081600000, 0x0000000100000000)
  region size 1024K, 24 young (24576K), 4 survivors (4096K)
 Metaspace       used 73710K, committed 74368K, reserved 1114112K
  class space    used 9598K, committed 9920K, reserved 1048576K
}
Event: 22335.034 GC heap after
{Heap after GC invocations=89 (full 3):
 garbage-first heap   total reserved 2074624K, committed 56320K, used 27766K [0x0000000081600000, 0x0000000100000000)
  region size 1024K, 2 young (2048K), 2 survivors (2048K)
 Metaspace       used 73710K, committed 74368K, reserved 1114112K
  class space    used 9598K, committed 9920K, reserved 1048576K
}
Event: 22337.328 GC heap before
{Heap before GC invocations=89 (full 3):
 garbage-first heap   total reserved 2074624K, committed 56320K, used 48246K [0x0000000081600000, 0x0000000100000000)
  region size 1024K, 22 young (22528K), 2 survivors (2048K)
 Metaspace       used 74007K, committed 74816K, reserved 1179648K
  class space    used 9621K, committed 9984K, reserved 1048576K
}
Event: 22337.341 GC heap after
{Heap after GC invocations=90 (full 3):
 garbage-first heap   total reserved 2074624K, committed 56320K, used 30974K [0x0000000081600000, 0x0000000100000000)
  region size 1024K, 3 young (3072K), 3 survivors (3072K)
 Metaspace       used 74007K, committed 74816K, reserved 1179648K
  class space    used 9621K, committed 9984K, reserved 1048576K
}
Event: 22583.209 GC heap before
{Heap before GC invocations=90 (full 3):
 garbage-first heap   total reserved 2074624K, committed 56320K, used 47358K [0x0000000081600000, 0x0000000100000000)
  region size 1024K, 20 young (20480K), 3 survivors (3072K)
 Metaspace       used 74124K, committed 74880K, reserved 1179648K
  class space    used 9632K, committed 9984K, reserved 1048576K
}
Event: 22583.221 GC heap after
{Heap after GC invocations=91 (full 3):
 garbage-first heap   total reserved 2074624K, committed 56320K, used 32848K [0x0000000081600000, 0x0000000100000000)
  region size 1024K, 2 young (2048K), 2 survivors (2048K)
 Metaspace       used 74124K, committed 74880K, reserved 1179648K
  class space    used 9632K, committed 9984K, reserved 1048576K
}
Event: 23061.467 GC heap before
{Heap before GC invocations=92 (full 3):
 garbage-first heap   total reserved 2074624K, committed 56320K, used 47184K [0x0000000081600000, 0x0000000100000000)
  region size 1024K, 17 young (17408K), 2 survivors (2048K)
 Metaspace       used 74072K, committed 74880K, reserved 1179648K
  class space    used 9619K, committed 9984K, reserved 1048576K
}
Event: 23061.580 GC heap after
{Heap after GC invocations=93 (full 4):
 garbage-first heap   total reserved 2074624K, committed 56320K, used 26063K [0x0000000081600000, 0x0000000100000000)
  region size 1024K, 0 young (0K), 0 survivors (0K)
 Metaspace       used 74072K, committed 74880K, reserved 1179648K
  class space    used 9619K, committed 9984K, reserved 1048576K
}
Event: 23067.701 GC heap before
{Heap before GC invocations=93 (full 4):
 garbage-first heap   total reserved 2074624K, committed 56320K, used 48591K [0x0000000081600000, 0x0000000100000000)
  region size 1024K, 22 young (22528K), 0 survivors (0K)
 Metaspace       used 74165K, committed 74944K, reserved 1179648K
  class space    used 9623K, committed 9984K, reserved 1048576K
}
Event: 23067.710 GC heap after
{Heap after GC invocations=94 (full 4):
 garbage-first heap   total reserved 2074624K, committed 56320K, used 28476K [0x0000000081600000, 0x0000000100000000)
  region size 1024K, 3 young (3072K), 3 survivors (3072K)
 Metaspace       used 74165K, committed 74944K, reserved 1179648K
  class space    used 9623K, committed 9984K, reserved 1048576K
}
Event: 23070.000 GC heap before
{Heap before GC invocations=95 (full 4):
 garbage-first heap   total reserved 2074624K, committed 56320K, used 45884K [0x0000000081600000, 0x0000000100000000)
  region size 1024K, 21 young (21504K), 3 survivors (3072K)
 Metaspace       used 74468K, committed 75200K, reserved 1179648K
  class space    used 9673K, committed 9984K, reserved 1048576K
}
Event: 23070.004 GC heap after
{Heap after GC invocations=96 (full 4):
 garbage-first heap   total reserved 2074624K, committed 56320K, used 28571K [0x0000000081600000, 0x0000000100000000)
  region size 1024K, 2 young (2048K), 2 survivors (2048K)
 Metaspace       used 74468K, committed 75200K, reserved 1179648K
  class space    used 9673K, committed 9984K, reserved 1048576K
}
Event: 23070.447 GC heap before
{Heap before GC invocations=96 (full 4):
 garbage-first heap   total reserved 2074624K, committed 56320K, used 48027K [0x0000000081600000, 0x0000000100000000)
  region size 1024K, 21 young (21504K), 2 survivors (2048K)
 Metaspace       used 74546K, committed 75328K, reserved 1179648K
  class space    used 9681K, committed 10048K, reserved 1048576K
}
Event: 23070.458 GC heap after
{Heap after GC invocations=97 (full 4):
 garbage-first heap   total reserved 2074624K, committed 56320K, used 29600K [0x0000000081600000, 0x0000000100000000)
  region size 1024K, 2 young (2048K), 2 survivors (2048K)
 Metaspace       used 74546K, committed 75328K, reserved 1179648K
  class space    used 9681K, committed 10048K, reserved 1048576K
}
Event: 23071.150 GC heap before
{Heap before GC invocations=97 (full 4):
 garbage-first heap   total reserved 2074624K, committed 56320K, used 47008K [0x0000000081600000, 0x0000000100000000)
  region size 1024K, 20 young (20480K), 2 survivors (2048K)
 Metaspace       used 74737K, committed 75520K, reserved 1179648K
  class space    used 9689K, committed 10048K, reserved 1048576K
}
Event: 23071.158 GC heap after
{Heap after GC invocations=98 (full 4):
 garbage-first heap   total reserved 2074624K, committed 56320K, used 31313K [0x0000000081600000, 0x0000000100000000)
  region size 1024K, 2 young (2048K), 2 survivors (2048K)
 Metaspace       used 74737K, committed 75520K, reserved 1179648K
  class space    used 9689K, committed 10048K, reserved 1048576K
}

