# JRE version: Java(TM) SE Runtime Environment (22.0.2+9) (build 22.0.2+9-70)
# Java VM: Java HotSpot(TM) 64-Bit Server VM (22.0.2+9-70, mixed mode, sharing, tiered, compressed oops, compressed class ptrs, g1 gc, windows-amd64)
GC Precious Log:
 CardTable entry size: 512
 Card Set container configuration: InlinePtr #cards 4 size 8 Array Of Cards #cards 16 size 48 Howl #buckets 8 coarsen threshold 3686 Howl Bitmap #cards 512 size 80 coarsen threshold 460 Card regions per heap region 1 cards per card region 4096
 CPUs: 8 total, 8 available
 Memory: 15761M
 Large Page Support: Disabled
 NUMA Support: Disabled
 Compressed Oops: Enabled (Zero based)
 Heap Region Size: 2M
 Heap Min Capacity: 8M
 Heap Initial Capacity: 248M
 Heap Max Capacity: 3942M
 Pre-touch: Disabled
 Parallel Workers: 8
 Concurrent Workers: 2
 Concurrent Refinement Workers: 8
 Periodic GC: Disabled
Heap:
 garbage-first heap   total reserved 4036608K, committed 90112K, used 50496K [0x0000000709a00000, 0x0000000800000000)
  region size 2048K, 13 young (26624K), 2 survivors (4096K)
 Metaspace       used 83516K, committed 85120K, reserved 1179648K
  class space    used 10189K, committed 10624K, reserved 1048576K
GC Heap History (20 events):
Event: 66308.746 GC heap before
{Heap before GC invocations=88 (full 17):
 garbage-first heap   total reserved 4036608K, committed 90112K, used 73974K [0x0000000709a00000, 0x0000000800000000)
  region size 2048K, 24 young (49152K), 0 survivors (0K)
 Metaspace       used 82527K, committed 83392K, reserved 1179648K
  class space    used 10093K, committed 10496K, reserved 1048576K
}
Event: 66308.750 GC heap after
{Heap after GC invocations=89 (full 17):
 garbage-first heap   total reserved 4036608K, committed 90112K, used 30966K [0x0000000709a00000, 0x0000000800000000)
  region size 2048K, 2 young (4096K), 2 survivors (4096K)
 Metaspace       used 82527K, committed 83392K, reserved 1179648K
  class space    used 10093K, committed 10496K, reserved 1048576K
}
Event: 66638.749 GC heap before
{Heap before GC invocations=90 (full 17):
 garbage-first heap   total reserved 4036608K, committed 90112K, used 76022K [0x0000000709a00000, 0x0000000800000000)
  region size 2048K, 24 young (49152K), 2 survivors (4096K)
 Metaspace       used 82858K, committed 83712K, reserved 1179648K
  class space    used 10111K, committed 10496K, reserved 1048576K
}
Event: 66638.760 GC heap after
{Heap after GC invocations=91 (full 17):
 garbage-first heap   total reserved 4036608K, committed 90112K, used 33451K [0x0000000709a00000, 0x0000000800000000)
  region size 2048K, 2 young (4096K), 2 survivors (4096K)
 Metaspace       used 82858K, committed 83712K, reserved 1179648K
  class space    used 10111K, committed 10496K, reserved 1048576K
}
Event: 67413.585 GC heap before
{Heap before GC invocations=91 (full 17):
 garbage-first heap   total reserved 4036608K, committed 90112K, used 74411K [0x0000000709a00000, 0x0000000800000000)
  region size 2048K, 22 young (45056K), 2 survivors (4096K)
 Metaspace       used 83058K, committed 83904K, reserved 1179648K
  class space    used 10129K, committed 10496K, reserved 1048576K
}
Event: 67413.595 GC heap after
{Heap after GC invocations=92 (full 17):
 garbage-first heap   total reserved 4036608K, committed 90112K, used 33858K [0x0000000709a00000, 0x0000000800000000)
  region size 2048K, 1 young (2048K), 1 survivors (2048K)
 Metaspace       used 83058K, committed 83904K, reserved 1179648K
  class space    used 10129K, committed 10496K, reserved 1048576K
}
Event: 68235.019 GC heap before
{Heap before GC invocations=92 (full 17):
 garbage-first heap   total reserved 4036608K, committed 90112K, used 76866K [0x0000000709a00000, 0x0000000800000000)
  region size 2048K, 22 young (45056K), 1 survivors (2048K)
 Metaspace       used 83129K, committed 83904K, reserved 1179648K
  class space    used 10129K, committed 10496K, reserved 1048576K
}
Event: 68235.026 GC heap after
{Heap after GC invocations=93 (full 17):
 garbage-first heap   total reserved 4036608K, committed 90112K, used 34198K [0x0000000709a00000, 0x0000000800000000)
  region size 2048K, 1 young (2048K), 1 survivors (2048K)
 Metaspace       used 83129K, committed 83904K, reserved 1179648K
  class space    used 10129K, committed 10496K, reserved 1048576K
}
Event: 69144.577 GC heap before
{Heap before GC invocations=94 (full 17):
 garbage-first heap   total reserved 4036608K, committed 90112K, used 77206K [0x0000000709a00000, 0x0000000800000000)
  region size 2048K, 22 young (45056K), 1 survivors (2048K)
 Metaspace       used 83161K, committed 83968K, reserved 1179648K
  class space    used 10106K, committed 10496K, reserved 1048576K
}
Event: 69144.583 GC heap after
{Heap after GC invocations=95 (full 17):
 garbage-first heap   total reserved 4036608K, committed 90112K, used 34202K [0x0000000709a00000, 0x0000000800000000)
  region size 2048K, 1 young (2048K), 1 survivors (2048K)
 Metaspace       used 83161K, committed 83968K, reserved 1179648K
  class space    used 10106K, committed 10496K, reserved 1048576K
}
Event: 76397.858 GC heap before
{Heap before GC invocations=95 (full 17):
 garbage-first heap   total reserved 4036608K, committed 90112K, used 77210K [0x0000000709a00000, 0x0000000800000000)
  region size 2048K, 22 young (45056K), 1 survivors (2048K)
 Metaspace       used 83420K, committed 84160K, reserved 1179648K
  class space    used 10111K, committed 10496K, reserved 1048576K
}
Event: 76397.867 GC heap after
{Heap after GC invocations=96 (full 17):
 garbage-first heap   total reserved 4036608K, committed 90112K, used 33466K [0x0000000709a00000, 0x0000000800000000)
  region size 2048K, 1 young (2048K), 1 survivors (2048K)
 Metaspace       used 83420K, committed 84160K, reserved 1179648K
  class space    used 10111K, committed 10496K, reserved 1048576K
}
Event: 77214.565 GC heap before
{Heap before GC invocations=96 (full 17):
 garbage-first heap   total reserved 4036608K, committed 90112K, used 76474K [0x0000000709a00000, 0x0000000800000000)
  region size 2048K, 23 young (47104K), 1 survivors (2048K)
 Metaspace       used 84282K, committed 85120K, reserved 1179648K
  class space    used 10216K, committed 10624K, reserved 1048576K
}
Event: 77214.576 GC heap after
{Heap after GC invocations=97 (full 17):
 garbage-first heap   total reserved 4036608K, committed 90112K, used 33389K [0x0000000709a00000, 0x0000000800000000)
  region size 2048K, 1 young (2048K), 1 survivors (2048K)
 Metaspace       used 84282K, committed 85120K, reserved 1179648K
  class space    used 10216K, committed 10624K, reserved 1048576K
}
Event: 78021.004 GC heap before
{Heap before GC invocations=98 (full 17):
 garbage-first heap   total reserved 4036608K, committed 90112K, used 70253K [0x0000000709a00000, 0x0000000800000000)
  region size 2048K, 20 young (40960K), 1 survivors (2048K)
 Metaspace       used 82612K, committed 85120K, reserved 1179648K
  class space    used 10071K, committed 10624K, reserved 1048576K
}
Event: 78021.097 GC heap after
{Heap after GC invocations=99 (full 18):
 garbage-first heap   total reserved 4036608K, committed 90112K, used 24124K [0x0000000709a00000, 0x0000000800000000)
  region size 2048K, 0 young (0K), 0 survivors (0K)
 Metaspace       used 82604K, committed 85120K, reserved 1179648K
  class space    used 10069K, committed 10624K, reserved 1048576K
}
Event: 78021.842 GC heap before
{Heap before GC invocations=99 (full 18):
 garbage-first heap   total reserved 4036608K, committed 90112K, used 75324K [0x0000000709a00000, 0x0000000800000000)
  region size 2048K, 26 young (53248K), 0 survivors (0K)
 Metaspace       used 82959K, committed 85120K, reserved 1179648K
  class space    used 10122K, committed 10624K, reserved 1048576K
}
Event: 78021.849 GC heap after
{Heap after GC invocations=100 (full 18):
 garbage-first heap   total reserved 4036608K, committed 90112K, used 29634K [0x0000000709a00000, 0x0000000800000000)
  region size 2048K, 3 young (6144K), 3 survivors (6144K)
 Metaspace       used 82959K, committed 85120K, reserved 1179648K
  class space    used 10122K, committed 10624K, reserved 1048576K
}
Event: 78035.679 GC heap before
{Heap before GC invocations=101 (full 18):
 garbage-first heap   total reserved 4036608K, committed 90112K, used 72642K [0x0000000709a00000, 0x0000000800000000)
  region size 2048K, 25 young (51200K), 3 survivors (6144K)
 Metaspace       used 83382K, committed 85120K, reserved 1179648K
  class space    used 10178K, committed 10624K, reserved 1048576K
}
Event: 78035.685 GC heap after
{Heap after GC invocations=102 (full 18):
 garbage-first heap   total reserved 4036608K, committed 90112K, used 30016K [0x0000000709a00000, 0x0000000800000000)
  region size 2048K, 2 young (4096K), 2 survivors (4096K)
 Metaspace       used 83382K, committed 85120K, reserved 1179648K
  class space    used 10178K, committed 10624K, reserved 1048576K
}

